<?xml version="1.0" encoding="UTF-8"?>
<testng-results ignored="0" total="2" passed="2" failed="0" skipped="0">
  <reporter-output>
  </reporter-output>
  <suite started-at="2025-08-09T20:08:55 IST" name="Suite" finished-at="2025-08-09T20:09:16 IST" duration-ms="21177">
    <groups>
    </groups>
    <test started-at="2025-08-09T20:08:55 IST" name="Test" finished-at="2025-08-09T20:09:16 IST" duration-ms="21177">
      <class name="testpage.AmazonFiltertTest">
        <test-method is-config="true" signature="Setup()[pri:0, instance:testpage.AmazonFiltertTest@128d2484]" started-at="2025-08-09T20:08:55 IST" name="Setup" finished-at="2025-08-09T20:09:01 IST" duration-ms="5448" status="PASS">
          <reporter-output>
          </reporter-output>
        </test-method> <!-- Setup -->
        <test-method signature="testAmazon(java.lang.String)[pri:0, instance:testpage.AmazonFiltertTest@128d2484]" started-at="2025-08-09T20:09:01 IST" name="testAmazon" data-provider="productData" finished-at="2025-08-09T20:09:07 IST" duration-ms="6171" status="PASS">
          <params>
            <param index="0">
              <value>
                <![CDATA[samsung]]>
              </value>
            </param>
          </params>
          <reporter-output>
          </reporter-output>
        </test-method> <!-- testAmazon -->
        <test-method is-config="true" signature="teardown()[pri:0, instance:testpage.AmazonFiltertTest@128d2484]" started-at="2025-08-09T20:09:07 IST" name="teardown" finished-at="2025-08-09T20:09:07 IST" duration-ms="355" status="PASS">
          <reporter-output>
          </reporter-output>
        </test-method> <!-- teardown -->
      </class> <!-- testpage.AmazonFiltertTest -->
      <class name="testpage.AmazonAdd_ToCart">
        <test-method is-config="true" signature="Setup()[pri:0, instance:testpage.AmazonAdd_ToCart@54d9d12d]" started-at="2025-08-09T20:09:07 IST" name="Setup" finished-at="2025-08-09T20:09:11 IST" duration-ms="3645" status="PASS">
          <reporter-output>
          </reporter-output>
        </test-method> <!-- Setup -->
        <test-method signature="AddtoCart(java.lang.String)[pri:0, instance:testpage.AmazonAdd_ToCart@54d9d12d]" started-at="2025-08-09T20:09:11 IST" name="AddtoCart" data-provider="productData" finished-at="2025-08-09T20:09:16 IST" duration-ms="5200" status="PASS">
          <params>
            <param index="0">
              <value>
                <![CDATA[Samsung FE]]>
              </value>
            </param>
          </params>
          <reporter-output>
          </reporter-output>
        </test-method> <!-- AddtoCart -->
        <test-method is-config="true" signature="teardown()[pri:0, instance:testpage.AmazonAdd_ToCart@54d9d12d]" started-at="2025-08-09T20:09:16 IST" name="teardown" finished-at="2025-08-09T20:09:16 IST" duration-ms="266" status="PASS">
          <reporter-output>
          </reporter-output>
        </test-method> <!-- teardown -->
      </class> <!-- testpage.AmazonAdd_ToCart -->
    </test> <!-- Test -->
  </suite> <!-- Suite -->
</testng-results>
